<?xml version="1.0" encoding="UTF-8"?>
<testng-results skipped="0" failed="0" total="3" passed="3">
  <reporter-output>
  </reporter-output>
  <suite name="Surefire suite" duration-ms="3098" started-at="2017-03-22T05:51:41Z" finished-at="2017-03-22T05:51:44Z">
    <groups>
    </groups>
    <test name="Surefire test" duration-ms="3098" started-at="2017-03-22T05:51:41Z" finished-at="2017-03-22T05:51:44Z">
      <class name="JUnitTest">
        <test-method status="PASS" signature="evaluatesExpression()[pri:0, instance:evaluatesExpression(JUnitTest)]" name="evaluatesExpression" duration-ms="1012" started-at="2017-03-22T13:51:41Z" finished-at="2017-03-22T13:51:42Z">
          <reporter-output>
          </reporter-output>
        </test-method> <!-- evaluatesExpression -->
        <test-method status="PASS" signature="evaluatesExpression2()[pri:0, instance:evaluatesExpression2(JUnitTest)]" name="evaluatesExpression2" duration-ms="1004" started-at="2017-03-22T13:51:42Z" finished-at="2017-03-22T13:51:43Z">
          <reporter-output>
          </reporter-output>
        </test-method> <!-- evaluatesExpression2 -->
        <test-method status="PASS" signature="evaluatesExpression3()[pri:0, instance:evaluatesExpression3(JUnitTest)]" name="evaluatesExpression3" duration-ms="1002" started-at="2017-03-22T13:51:43Z" finished-at="2017-03-22T13:51:44Z">
          <reporter-output>
          </reporter-output>
        </test-method> <!-- evaluatesExpression3 -->
      </class> <!-- JUnitTest -->
    </test> <!-- Surefire test -->
  </suite> <!-- Surefire suite -->
</testng-results>
