<?xml version="1.0" encoding="UTF-8"?>
<!-- Generated by org.testng.reporters.JUnitXMLReporter -->
<testsuite hostname="pricetalk-lm" tests="3" failures="0" timestamp="22 Mar 2017 05:51:44 GMT" time="3.098" errors="0">
  <testcase name="evaluatesExpression on evaluatesExpression(JUnitTest)" time="1.012" classname="JUnitTest"/>
  <testcase name="evaluatesExpression2 on evaluatesExpression2(JUnitTest)" time="1.004" classname="JUnitTest"/>
  <testcase name="evaluatesExpression3 on evaluatesExpression3(JUnitTest)" time="1.002" classname="JUnitTest"/>
</testsuite>
